app/build/outputs/logs/manifest-merger-debug-report.txt
-- Merging decision tree log ---
manifest
ADDED from src\main\AndroidManifest.xml:2:1-61:12
	xmlns:android
		ADDED from src\main\AndroidManifest.xml:2:11-69
	package
		ADDED from src\main\AndroidManifest.xml:3:5-61
		INJECTED from src\main\AndroidManifest.xml
		INJECTED from src\main\AndroidManifest.xml
	android:versionName
		ADDED from src\main\AndroidManifest.xml:5:5-30
	android:versionCode
		ADDED from src\main\AndroidManifest.xml:4:5-28
uses-sdk
ADDED from src\main\AndroidManifest.xml:7:5-9:41
	android:targetSdkVersion
		ADDED from src\main\AndroidManifest.xml:9:9-38
		INJECTED from src\main\AndroidManifest.xml
		INJECTED from src\main\AndroidManifest.xml
	android:minSdkVersion
		ADDED from src\main\AndroidManifest.xml:8:9-35
		INJECTED from src\main\AndroidManifest.xml
		INJECTED from src\main\AndroidManifest.xml
application
ADDED from src\main\AndroidManifest.xml:11:5-59:19
	android:label
		ADDED from src\main\AndroidManifest.xml:15:9-41
	android:allowBackup
		ADDED from src\main\AndroidManifest.xml:13:9-35
	android:icon
		ADDED from src\main\AndroidManifest.xml:14:9-38
	android:theme
		ADDED from src\main\AndroidManifest.xml:16:9-50
	android:name
		ADDED from src\main\AndroidManifest.xml:12:9-84
activity#com.samsung.android.sdk.b2b.samples.appcontrol.apis.AdminLicenseActivation
ADDED from src\main\AndroidManifest.xml:17:9-25:20
	android:label
		ADDED from src\main\AndroidManifest.xml:19:13-45
	android:name
		ADDED from src\main\AndroidManifest.xml:18:13-102
intent-filter#android.intent.action.MAIN+android.intent.category.LAUNCHER
ADDED from src\main\AndroidManifest.xml:20:13-24:29
action#android.intent.action.MAIN
ADDED from src\main\AndroidManifest.xml:21:17-69
	android:name
		ADDED from src\main\AndroidManifest.xml:21:25-66
category#android.intent.category.LAUNCHER
ADDED from src\main\AndroidManifest.xml:23:17-77
	android:name
		ADDED from src\main\AndroidManifest.xml:23:27-74
activity#com.samsung.android.sdk.b2b.samples.appcontrol.apis.MainActivity
ADDED from src\main\AndroidManifest.xml:26:9-29:20
	android:label
		ADDED from src\main\AndroidManifest.xml:28:13-56
	android:name
		ADDED from src\main\AndroidManifest.xml:27:13-46
activity#com.samsung.android.sdk.b2b.samples.appcontrol.apis.AboutActivity
ADDED from src\main\AndroidManifest.xml:30:9-39:20
	android:label
		ADDED from src\main\AndroidManifest.xml:32:13-45
	android:parentActivityName
		ADDED from src\main\AndroidManifest.xml:33:13-116
	android:name
		ADDED from src\main\AndroidManifest.xml:31:13-93
meta-data#android.support.PARENT_ACTIVITY
ADDED from src\main\AndroidManifest.xml:36:13-38:110
	android:name
		ADDED from src\main\AndroidManifest.xml:37:17-63
	android:value
		ADDED from src\main\AndroidManifest.xml:38:17-107
receiver#com.samsung.android.sdk.b2b.samples.appcontrol.receivers.DeviceAdministrator
ADDED from src\main\AndroidManifest.xml:41:9-53:20
	android:permission
		ADDED from src\main\AndroidManifest.xml:43:13-70
	android:name
		ADDED from src\main\AndroidManifest.xml:42:13-104
meta-data#android.app.device_admin
ADDED from src\main\AndroidManifest.xml:44:13-46:67
	android:resource
		ADDED from src\main\AndroidManifest.xml:46:17-64
	android:name
		ADDED from src\main\AndroidManifest.xml:45:17-56
intent-filter#android.app.action.DEVICE_ADMIN_DISABLED+android.app.action.DEVICE_ADMIN_DISABLE_REQUESTED+android.app.action.DEVICE_ADMIN_ENABLED
ADDED from src\main\AndroidManifest.xml:48:13-52:29
action#android.app.action.DEVICE_ADMIN_ENABLED
ADDED from src\main\AndroidManifest.xml:49:17-82
	android:name
		ADDED from src\main\AndroidManifest.xml:49:25-79
action#android.app.action.DEVICE_ADMIN_DISABLED
ADDED from src\main\AndroidManifest.xml:50:17-83
	android:name
		ADDED from src\main\AndroidManifest.xml:50:25-80
action#android.app.action.DEVICE_ADMIN_DISABLE_REQUESTED
ADDED from src\main\AndroidManifest.xml:51:17-92
	android:name
		ADDED from src\main\AndroidManifest.xml:51:25-89
receiver#com.samsung.android.sdk.b2b.samples.appcontrol.receivers.LicenseReceiver
ADDED from src\main\AndroidManifest.xml:54:9-58:20
	android:name
		ADDED from src\main\AndroidManifest.xml:54:19-106
intent-filter#edm.intent.action.license.status
ADDED from src\main\AndroidManifest.xml:55:13-57:29
action#edm.intent.action.license.status
ADDED from src\main\AndroidManifest.xml:56:17-75
	android:name
		ADDED from src\main\AndroidManifest.xml:56:25-72